#! /usr/bin/vvp
:ivl_version "10.1 (stable)";
:ivl_delay_selection "TYPICAL";
:vpi_time_precision + 0;
:vpi_module "system";
:vpi_module "vhdl_sys";
:vpi_module "v2005_math";
:vpi_module "va_math";
S_0x55ebb9c54fa0 .scope module, "and_main" "and_main" 2 1;
 .timescale 0 0;
v0x55ebb9c75580_0 .var "a", 0 0;
v0x55ebb9c75650_0 .var "b", 0 0;
v0x55ebb9c75720_0 .net "x", 0 0, L_0x55ebb9c75820;  1 drivers
E_0x55ebb9c4efa0 .event edge, v0x55ebb9c753a0_0, v0x55ebb9c55340_0;
S_0x55ebb9c55120 .scope module, "a1" "AND_Gate" 2 10, 3 1 0, S_0x55ebb9c54fa0;
 .timescale 0 0;
    .port_info 0 /INPUT 1 "a"
    .port_info 1 /INPUT 1 "b"
    .port_info 2 /OUTPUT 1 "x"
L_0x55ebb9c75820 .functor AND 1, v0x55ebb9c75580_0, v0x55ebb9c75650_0, C4<1>, C4<1>;
v0x55ebb9c55340_0 .net "a", 0 0, v0x55ebb9c75580_0;  1 drivers
v0x55ebb9c753a0_0 .net "b", 0 0, v0x55ebb9c75650_0;  1 drivers
v0x55ebb9c75460_0 .net "x", 0 0, L_0x55ebb9c75820;  alias, 1 drivers
    .scope S_0x55ebb9c54fa0;
T_0 ;
    %vpi_call 2 6 "$dumpfile", "And.vcd" {0 0 0};
    %vpi_call 2 7 "$dumpvars", 32'sb00000000000000000000000000000001, S_0x55ebb9c54fa0 {0 0 0};
    %end;
    .thread T_0;
    .scope S_0x55ebb9c54fa0;
T_1 ;
    %wait E_0x55ebb9c4efa0;
    %vpi_call 2 13 "$monitor", "time = %d A = %d B = %d X = %d \012", $time, v0x55ebb9c75580_0, v0x55ebb9c75650_0, v0x55ebb9c75720_0 {0 0 0};
    %jmp T_1;
    .thread T_1, $push;
    .scope S_0x55ebb9c54fa0;
T_2 ;
    %pushi/vec4 0, 0, 1;
    %store/vec4 v0x55ebb9c75580_0, 0, 1;
    %pushi/vec4 0, 0, 1;
    %store/vec4 v0x55ebb9c75650_0, 0, 1;
    %delay 1, 0;
    %pushi/vec4 0, 0, 1;
    %store/vec4 v0x55ebb9c75580_0, 0, 1;
    %pushi/vec4 1, 0, 1;
    %store/vec4 v0x55ebb9c75650_0, 0, 1;
    %delay 1, 0;
    %pushi/vec4 1, 0, 1;
    %store/vec4 v0x55ebb9c75580_0, 0, 1;
    %pushi/vec4 0, 0, 1;
    %store/vec4 v0x55ebb9c75650_0, 0, 1;
    %delay 1, 0;
    %pushi/vec4 1, 0, 1;
    %store/vec4 v0x55ebb9c75580_0, 0, 1;
    %pushi/vec4 1, 0, 1;
    %store/vec4 v0x55ebb9c75650_0, 0, 1;
    %delay 1, 0;
    %vpi_call 2 25 "$finish" {0 0 0};
    %end;
    .thread T_2;
# The file index is used to find the file name in the following table.
:file_names 4;
    "N/A";
    "<interactive>";
    "test_bench.vl";
    "and_data_flow_model.vl";
